<?xml version="1.0" encoding="UTF-8"?>
<testng-results ignored="0" total="1" passed="1" failed="0" skipped="0">
  <reporter-output>
  </reporter-output>
  <suite started-at="2026-01-18T12:23:53 IST" name="Default suite" finished-at="2026-01-18T12:24:16 IST" duration-ms="22622">
    <groups>
    </groups>
    <test started-at="2026-01-18T12:23:53 IST" name="Default test" finished-at="2026-01-18T12:24:16 IST" duration-ms="22622">
      <class name="tests.LoginWithOTPTest">
        <test-method is-config="true" signature="setup()[pri:0, instance:tests.LoginWithOTPTest@3e27ba32]" started-at="2026-01-18T12:23:53 IST" name="setup" finished-at="2026-01-18T12:24:01 IST" duration-ms="7514" status="PASS">
          <reporter-output>
          </reporter-output>
        </test-method> <!-- setup -->
        <test-method signature="verifyLoginUsingOTP()[pri:0, instance:tests.LoginWithOTPTest@3e27ba32]" started-at="2026-01-18T12:24:01 IST" name="verifyLoginUsingOTP" finished-at="2026-01-18T12:24:16 IST" duration-ms="15053" status="PASS">
          <reporter-output>
          </reporter-output>
        </test-method> <!-- verifyLoginUsingOTP -->
      </class> <!-- tests.LoginWithOTPTest -->
    </test> <!-- Default test -->
  </suite> <!-- Default suite -->
</testng-results>
